<?xml version="1.0" encoding="UTF-8"?>
<coverage generated="1639772105522" clover="3.2.0">
  <project timestamp="1639772105522" name="All files">
    <metrics statements="25" coveredstatements="16" conditionals="4" coveredconditionals="3" methods="5" coveredmethods="4" elements="34" coveredelements="23" complexity="0" loc="25" ncloc="25" packages="2" files="3" classes="3"/>
    <package name="__test__">
      <metrics statements="3" coveredstatements="3" conditionals="0" coveredconditionals="0" methods="0" coveredmethods="0"/>
      <file name="Client.js" path="C:\Users\Zakaria Shahen\Desktop\Code_now\webpack\project3_submit_1\projects\evaluate-news-nlp\__test__\Client.js">
        <metrics statements="3" coveredstatements="3" conditionals="0" coveredconditionals="0" methods="0" coveredmethods="0"/>
        <line num="1" count="1" type="stmt"/>
        <line num="2" count="1" type="stmt"/>
        <line num="5" count="1" type="stmt"/>
      </file>
    </package>
    <package name="src.client.js">
      <metrics statements="22" coveredstatements="13" conditionals="4" coveredconditionals="3" methods="5" coveredmethods="4"/>
      <file name="formHandler.js" path="C:\Users\Zakaria Shahen\Desktop\Code_now\webpack\project3_submit_1\projects\evaluate-news-nlp\src\client\js\formHandler.js">
        <metrics statements="18" coveredstatements="9" conditionals="2" coveredconditionals="1" methods="4" coveredmethods="3"/>
        <line num="2" count="1" type="stmt"/>
        <line num="5" count="1" type="stmt"/>
        <line num="6" count="1" type="stmt"/>
        <line num="8" count="1" type="stmt"/>
        <line num="9" count="1" type="stmt"/>
        <line num="10" count="1" type="stmt"/>
        <line num="13" count="1" type="stmt"/>
        <line num="15" count="1" type="cond" truecount="1" falsecount="1"/>
        <line num="16" count="0" type="stmt"/>
        <line num="17" count="0" type="stmt"/>
        <line num="18" count="0" type="stmt"/>
        <line num="19" count="0" type="stmt"/>
        <line num="20" count="0" type="stmt"/>
        <line num="21" count="0" type="stmt"/>
        <line num="23" count="0" type="stmt"/>
        <line num="24" count="0" type="stmt"/>
        <line num="25" count="0" type="stmt"/>
        <line num="28" count="1" type="stmt"/>
      </file>
      <file name="nameChecker.js" path="C:\Users\Zakaria Shahen\Desktop\Code_now\webpack\project3_submit_1\projects\evaluate-news-nlp\src\client\js\nameChecker.js">
        <metrics statements="4" coveredstatements="4" conditionals="2" coveredconditionals="2" methods="1" coveredmethods="1"/>
        <line num="2" count="9" type="stmt"/>
        <line num="3" count="9" type="stmt"/>
        <line num="11" count="9" type="cond" truecount="2" falsecount="0"/>
        <line num="12" count="5" type="stmt"/>
      </file>
    </package>
  </project>
</coverage>
