{"C:\\Users\\Zakaria Shahen\\Desktop\\Code_now\\webpack\\project3_submit_1\\projects\\evaluate-news-nlp\\__test__\\Client.js": {"path":"C:\\Users\\Zakaria Shahen\\Desktop\\Code_now\\webpack\\project3_submit_1\\projects\\evaluate-news-nlp\\__test__\\Client.js","statementMap":{"0":{"start":{"line":1,"column":20},"end":{"line":1,"column":59}},"1":{"start":{"line":2,"column":20},"end":{"line":2,"column":59}},"2":{"start":{"line":5,"column":0},"end":{"line":8,"column":1}}},"fnMap":{},"branchMap":{},"s":{"0":1,"1":1,"2":1},"f":{},"b":{},"_coverageSchema":"1a1c01bbd47fc00a2c39e90264f33305004495a9","hash":"ab2c57d7d6b1d07fa1bc08ed64e6074c8685e8d0"}
,"C:\\Users\\Zakaria Shahen\\Desktop\\Code_now\\webpack\\project3_submit_1\\projects\\evaluate-news-nlp\\src\\client\\js\\formHandler.js": {"path":"C:\\Users\\Zakaria Shahen\\Desktop\\Code_now\\webpack\\project3_submit_1\\projects\\evaluate-news-nlp\\src\\client\\js\\formHandler.js","statementMap":{"0":{"start":{"line":2,"column":4},"end":{"line":2,"column":27}},"1":{"start":{"line":5,"column":19},"end":{"line":5,"column":56}},"2":{"start":{"line":6,"column":4},"end":{"line":6,"column":34}},"3":{"start":{"line":8,"column":4},"end":{"line":8,"column":42}},"4":{"start":{"line":9,"column":4},"end":{"line":29,"column":11}},"5":{"start":{"line":10,"column":23},"end":{"line":10,"column":33}},"6":{"start":{"line":13,"column":28},"end":{"line":13,"column":62}},"7":{"start":{"line":15,"column":12},"end":{"line":26,"column":13}},"8":{"start":{"line":16,"column":33},"end":{"line":16,"column":66}},"9":{"start":{"line":17,"column":33},"end":{"line":17,"column":82}},"10":{"start":{"line":18,"column":16},"end":{"line":22,"column":18}},"11":{"start":{"line":19,"column":30},"end":{"line":19,"column":57}},"12":{"start":{"line":20,"column":20},"end":{"line":20,"column":72}},"13":{"start":{"line":21,"column":20},"end":{"line":21,"column":43}},"14":{"start":{"line":23,"column":16},"end":{"line":23,"column":32}},"15":{"start":{"line":24,"column":16},"end":{"line":24,"column":46}},"16":{"start":{"line":25,"column":16},"end":{"line":25,"column":31}},"17":{"start":{"line":28,"column":12},"end":{"line":28,"column":33}}},"fnMap":{"0":{"name":"handleSubmit","decl":{"start":{"line":1,"column":9},"end":{"line":1,"column":21}},"loc":{"start":{"line":1,"column":29},"end":{"line":30,"column":1}},"line":1},"1":{"name":"(anonymous_1)","decl":{"start":{"line":10,"column":14},"end":{"line":10,"column":15}},"loc":{"start":{"line":10,"column":23},"end":{"line":10,"column":33}},"line":10},"2":{"name":"(anonymous_2)","decl":{"start":{"line":11,"column":14},"end":{"line":11,"column":15}},"loc":{"start":{"line":11,"column":23},"end":{"line":29,"column":9}},"line":11},"3":{"name":"(anonymous_3)","decl":{"start":{"line":18,"column":29},"end":{"line":18,"column":30}},"loc":{"start":{"line":18,"column":36},"end":{"line":22,"column":17}},"line":18}},"branchMap":{"0":{"loc":{"start":{"line":15,"column":12},"end":{"line":26,"column":13}},"type":"if","locations":[{"start":{"line":15,"column":12},"end":{"line":26,"column":13}},{"start":{},"end":{}}],"line":15}},"s":{"0":1,"1":1,"2":1,"3":1,"4":1,"5":1,"6":1,"7":1,"8":0,"9":0,"10":0,"11":0,"12":0,"13":0,"14":0,"15":0,"16":0,"17":1},"f":{"0":1,"1":1,"2":1,"3":0},"b":{"0":[0,1]},"_coverageSchema":"1a1c01bbd47fc00a2c39e90264f33305004495a9","hash":"846aa76a6d4efe07de9e10776b7a458c0ff724d9"}
,"C:\\Users\\Zakaria Shahen\\Desktop\\Code_now\\webpack\\project3_submit_1\\projects\\evaluate-news-nlp\\src\\client\\js\\nameChecker.js": {"path":"C:\\Users\\Zakaria Shahen\\Desktop\\Code_now\\webpack\\project3_submit_1\\projects\\evaluate-news-nlp\\src\\client\\js\\nameChecker.js","statementMap":{"0":{"start":{"line":2,"column":4},"end":{"line":2,"column":59}},"1":{"start":{"line":3,"column":16},"end":{"line":9,"column":5}},"2":{"start":{"line":11,"column":4},"end":{"line":13,"column":5}},"3":{"start":{"line":12,"column":8},"end":{"line":12,"column":34}}},"fnMap":{"0":{"name":"checkForName","decl":{"start":{"line":1,"column":9},"end":{"line":1,"column":21}},"loc":{"start":{"line":1,"column":33},"end":{"line":14,"column":1}},"line":1}},"branchMap":{"0":{"loc":{"start":{"line":11,"column":4},"end":{"line":13,"column":5}},"type":"if","locations":[{"start":{"line":11,"column":4},"end":{"line":13,"column":5}},{"start":{},"end":{}}],"line":11}},"s":{"0":9,"1":9,"2":9,"3":5},"f":{"0":9},"b":{"0":[5,4]},"_coverageSchema":"1a1c01bbd47fc00a2c39e90264f33305004495a9","hash":"4b508e01ee44859017f25c86431742e76671dbc4"}
}
