TN:
SF:__test__\Client.js
FNF:0
FNH:0
DA:1,1
DA:2,1
DA:5,1
LF:3
LH:3
BRF:0
BRH:0
end_of_record
TN:
SF:src\client\js\formHandler.js
FN:1,handleSubmit
FN:10,(anonymous_1)
FN:11,(anonymous_2)
FN:18,(anonymous_3)
FNF:4
FNH:3
FNDA:1,handleSubmit
FNDA:1,(anonymous_1)
FNDA:1,(anonymous_2)
FNDA:0,(anonymous_3)
DA:2,1
DA:5,1
DA:6,1
DA:8,1
DA:9,1
DA:10,1
DA:13,1
DA:15,1
DA:16,0
DA:17,0
DA:18,0
DA:19,0
DA:20,0
DA:21,0
DA:23,0
DA:24,0
DA:25,0
DA:28,1
LF:18
LH:9
BRDA:15,0,0,0
BRDA:15,0,1,1
BRF:2
BRH:1
end_of_record
TN:
SF:src\client\js\nameChecker.js
FN:1,checkForName
FNF:1
FNH:1
FNDA:9,checkForName
DA:2,9
DA:3,9
DA:11,9
DA:12,5
LF:4
LH:4
BRDA:11,0,0,5
BRDA:11,0,1,4
BRF:2
BRH:2
end_of_record
